#
# There is insufficient memory for the Java Runtime Environment to continue.
# Native memory allocation (malloc) failed to allocate 32744 bytes for ChunkPool::allocate
# Possible reasons:
#   The system is out of physical RAM or swap space
#   In 32 bit mode, the process size limit was hit
# Possible solutions:
#   Reduce memory load on the system
#   Increase physical memory or swap space
#   Check if swap backing store is full
#   Use 64 bit Java on a 64 bit OS
#   Decrease Java heap size (-Xmx/-Xms)
#   Decrease number of Java threads
#   Decrease Java thread stack sizes (-Xss)
#   Set larger code cache with -XX:ReservedCodeCacheSize=
# This output file may be truncated or incomplete.
#
#  Out of Memory Error (allocation.cpp:273), pid=9064, tid=0x00000000000004d0
#
# JRE version: Java(TM) SE Runtime Environment (8.0_162-b12) (build 1.8.0_162-b12)
# Java VM: Java HotSpot(TM) 64-Bit Server VM (25.162-b12 mixed mode windows-amd64 compressed oops)
# Failed to write core dump. Minidumps are not enabled by default on client versions of Windows
#

---------------  T H R E A D  ---------------

Current thread (0x000000001a623800):  JavaThread "C2 CompilerThread1" daemon [_thread_in_native, id=1232, stack(0x000000001adf0000,0x000000001aef0000)]

Stack: [0x000000001adf0000,0x000000001aef0000]
[error occurred during error reporting (printing stack bounds), id 0xc0000005]

Native frames: (J=compiled Java code, j=interpreted, Vv=VM code, C=native code)


Current CompileTask:
C2:   2404  910       4       sun.misc.JarIndex::get (49 bytes)


---------------  P R O C E S S  ---------------

Java Threads: ( => current thread )
  0x000000001a764000 JavaThread "pool-1-thread-1" [_thread_blocked, id=1896, stack(0x000000001c0f0000,0x000000001c1f0000)]
  0x000000001a750800 JavaThread "MySQL Statement Cancellation Timer" daemon [_thread_blocked, id=9720, stack(0x000000001bdf0000,0x000000001bef0000)]
  0x000000001a69a000 JavaThread "Service Thread" daemon [_thread_blocked, id=2000, stack(0x000000001aff0000,0x000000001b0f0000)]
  0x000000001a624800 JavaThread "C1 CompilerThread2" daemon [_thread_blocked, id=9844, stack(0x000000001aef0000,0x000000001aff0000)]
=>0x000000001a623800 JavaThread "C2 CompilerThread1" daemon [_thread_in_native, id=1232, stack(0x000000001adf0000,0x000000001aef0000)]
  0x000000001a6b6800 JavaThread "C2 CompilerThread0" daemon [_thread_in_native, id=3040, stack(0x000000001acf0000,0x000000001adf0000)]
  0x000000001a61d800 JavaThread "Monitor Ctrl-Break" daemon [_thread_in_native, id=5912, stack(0x000000001abf0000,0x000000001acf0000)]
  0x00000000192e2800 JavaThread "Attach Listener" daemon [_thread_blocked, id=2996, stack(0x000000001aaf0000,0x000000001abf0000)]
  0x00000000192a0000 JavaThread "Signal Dispatcher" daemon [_thread_blocked, id=9456, stack(0x000000001a9f0000,0x000000001aaf0000)]
  0x000000001927e800 JavaThread "Finalizer" daemon [_thread_blocked, id=7348, stack(0x000000001a4f0000,0x000000001a5f0000)]
  0x0000000004b83000 JavaThread "Reference Handler" daemon [_thread_blocked, id=756, stack(0x000000001a3f0000,0x000000001a4f0000)]
  0x000000000488e800 JavaThread "main" [_thread_in_vm, id=9340, stack(0x00000000046a0000,0x00000000047a0000)]

Other Threads:
  0x0000000019257800 VMThread [stack: 0x000000001a2f0000,0x000000001a3f0000] [id=8372]
  0x000000001a71e800 WatcherThread [stack: 0x000000001b0f0000,0x000000001b1f0000] [id=9556]

VM state:not at safepoint (normal execution)

VM Mutex/Monitor currently owned by a thread: None

Heap:
 PSYoungGen      total 66560K, used 16988K [0x00000000d8400000, 0x00000000dca00000, 0x0000000100000000)
  eden space 61440K, 19% used [0x00000000d8400000,0x00000000d8f97a40,0x00000000dc000000)
  from space 5120K, 99% used [0x00000000dc500000,0x00000000dc9ff5f8,0x00000000dca00000)
  to   space 5120K, 0% used [0x00000000dc000000,0x00000000dc000000,0x00000000dc500000)
 ParOldGen       total 81920K, used 603K [0x0000000088c00000, 0x000000008dc00000, 0x00000000d8400000)
  object space 81920K, 0% used [0x0000000088c00000,0x0000000088c96d38,0x000000008dc00000)
 Metaspace       used 15642K, capacity 15840K, committed 16128K, reserved 1062912K
  class space    used 1919K, capacity 1972K, committed 2048K, reserved 1048576K

Card table byte_map: [0x0000000013f50000,0x0000000014310000] byte_map_base: 0x0000000013b0a000

Marking Bits: (ParMarkBitMap*) 0x0000000058d30860
 Begin Bits: [0x0000000014990000, 0x0000000016760000)
 End Bits:   [0x0000000016760000, 0x0000000018530000)

Polling page: 0x00000000003a0000

CodeCache: size=245760Kb used=3442Kb max_used=3442Kb free=242317Kb
 bounds [0x0000000004b90000, 0x0000000004ef0000, 0x0000000013b90000]
 total_blobs=1323 nmethods=911 adapters=326
 compilation: enabled

Compilation events (10 events):
Event: 2.347 Thread 0x000000001a624800 nmethod 907 0x0000000004ee4c10 code [0x0000000004ee4d80, 0x0000000004ee5038]
Event: 2.347 Thread 0x000000001a624800  908       3       com.mysql.jdbc.ResultSetImpl::getShort (10 bytes)
Event: 2.347 Thread 0x000000001a624800 nmethod 908 0x0000000004eea310 code [0x0000000004eea480, 0x0000000004eea758]
Event: 2.348 Thread 0x000000001a623800  910       4       sun.misc.JarIndex::get (49 bytes)
Event: 2.350 Thread 0x000000001a624800  911       3       java.lang.Class::checkInitted (19 bytes)
Event: 2.350 Thread 0x000000001a624800 nmethod 911 0x0000000004ee9dd0 code [0x0000000004ee9f40, 0x0000000004eea208]
Event: 2.351 Thread 0x000000001a624800  912  s    3       java.lang.reflect.Executable::declaredAnnotations (59 bytes)
Event: 2.351 Thread 0x000000001a624800 nmethod 912 0x0000000004ee9010 code [0x0000000004ee9200, 0x0000000004ee9ac8]
Event: 2.390 Thread 0x000000001a624800  913       1       java.util.Collections$EmptyMap::get (2 bytes)
Event: 2.390 Thread 0x000000001a624800 nmethod 913 0x0000000004ee4950 code [0x0000000004ee4aa0, 0x0000000004ee4bb0]

GC Heap History (4 events):
Event: 0.848 GC heap before
{Heap before GC invocations=1 (full 0):
 PSYoungGen      total 35840K, used 30720K [0x00000000d8400000, 0x00000000dac00000, 0x0000000100000000)
  eden space 30720K, 100% used [0x00000000d8400000,0x00000000da200000,0x00000000da200000)
  from space 5120K, 0% used [0x00000000da700000,0x00000000da700000,0x00000000dac00000)
  to   space 5120K, 0% used [0x00000000da200000,0x00000000da200000,0x00000000da700000)
 ParOldGen       total 81920K, used 0K [0x0000000088c00000, 0x000000008dc00000, 0x00000000d8400000)
  object space 81920K, 0% used [0x0000000088c00000,0x0000000088c00000,0x000000008dc00000)
 Metaspace       used 5704K, capacity 5850K, committed 6144K, reserved 1056768K
  class space    used 649K, capacity 690K, committed 768K, reserved 1048576K
Event: 0.862 GC heap after
Heap after GC invocations=1 (full 0):
 PSYoungGen      total 35840K, used 2308K [0x00000000d8400000, 0x00000000dca00000, 0x0000000100000000)
  eden space 30720K, 0% used [0x00000000d8400000,0x00000000d8400000,0x00000000da200000)
  from space 5120K, 45% used [0x00000000da200000,0x00000000da441118,0x00000000da700000)
  to   space 5120K, 0% used [0x00000000dc500000,0x00000000dc500000,0x00000000dca00000)
 ParOldGen       total 81920K, used 8K [0x0000000088c00000, 0x000000008dc00000, 0x00000000d8400000)
  object space 81920K, 0% used [0x0000000088c00000,0x0000000088c02000,0x000000008dc00000)
 Metaspace       used 5704K, capacity 5850K, committed 6144K, reserved 1056768K
  class space    used 649K, capacity 690K, committed 768K, reserved 1048576K
}
Event: 1.739 GC heap before
{Heap before GC invocations=2 (full 0):
 PSYoungGen      total 35840K, used 33028K [0x00000000d8400000, 0x00000000dca00000, 0x0000000100000000)
  eden space 30720K, 100% used [0x00000000d8400000,0x00000000da200000,0x00000000da200000)
  from space 5120K, 45% used [0x00000000da200000,0x00000000da441118,0x00000000da700000)
  to   space 5120K, 0% used [0x00000000dc500000,0x00000000dc500000,0x00000000dca00000)
 ParOldGen       total 81920K, used 8K [0x0000000088c00000, 0x000000008dc00000, 0x00000000d8400000)
  object space 81920K, 0% used [0x0000000088c00000,0x0000000088c02000,0x000000008dc00000)
 Metaspace       used 13412K, capacity 13598K, committed 13824K, reserved 1060864K
  class space    used 1655K, capacity 1714K, committed 1792K, reserved 1048576K
Event: 1.750 GC heap after
Heap after GC invocations=2 (full 0):
 PSYoungGen      total 66560K, used 5117K [0x00000000d8400000, 0x00000000dca00000, 0x0000000100000000)
  eden space 61440K, 0% used [0x00000000d8400000,0x00000000d8400000,0x00000000dc000000)
  from space 5120K, 99% used [0x00000000dc500000,0x00000000dc9ff5f8,0x00000000dca00000)
  to   space 5120K, 0% used [0x00000000dc000000,0x00000000dc000000,0x00000000dc500000)
 ParOldGen       total 81920K, used 603K [0x0000000088c00000, 0x000000008dc00000, 0x00000000d8400000)
  object space 81920K, 0% used [0x0000000088c00000,0x0000000088c96d38,0x000000008dc00000)
 Metaspace       used 13412K, capacity 13598K, committed 13824K, reserved 1060864K
  class space    used 1655K, capacity 1714K, committed 1792K, reserved 1048576K
}

Deoptimization events (8 events):
Event: 0.704 Thread 0x000000000488e800 Uncommon trap: reason=unstable_if action=reinterpret pc=0x0000000004d3d0b8 method=java.lang.String.indexOf([CII[CIII)I @ 3
Event: 0.937 Thread 0x000000000488e800 Uncommon trap: reason=null_check action=make_not_entrant pc=0x0000000004ca5768 method=java.lang.String.equals(Ljava/lang/Object;)Z @ 8
Event: 1.370 Thread 0x000000000488e800 Uncommon trap: reason=class_check action=maybe_recompile pc=0x0000000004de1d94 method=java.util.regex.Pattern$BmpCharProperty.match(Ljava/util/regex/Matcher;ILjava/lang/CharSequence;)Z @ 31
Event: 1.370 Thread 0x000000000488e800 Uncommon trap: reason=class_check action=maybe_recompile pc=0x0000000004de1d94 method=java.util.regex.Pattern$BmpCharProperty.match(Ljava/util/regex/Matcher;ILjava/lang/CharSequence;)Z @ 31
Event: 1.685 Thread 0x000000000488e800 Uncommon trap: reason=unstable_if action=reinterpret pc=0x0000000004dab63c method=sun.nio.cs.UTF_8$Decoder.decode([BII[C)I @ 30
Event: 1.894 Thread 0x000000000488e800 Uncommon trap: reason=predicate action=maybe_recompile pc=0x0000000004deab38 method=sun.net.www.ParseUtil.encodePath(Ljava/lang/String;Z)Ljava/lang/String; @ 36
Event: 2.284 Thread 0x000000000488e800 Uncommon trap: reason=class_check action=maybe_recompile pc=0x0000000004de1d94 method=java.util.regex.Pattern$BmpCharProperty.match(Ljava/util/regex/Matcher;ILjava/lang/CharSequence;)Z @ 31
Event: 2.284 Thread 0x000000000488e800 Uncommon trap: reason=class_check action=maybe_recompile pc=0x0000000004de1d94 method=java.util.regex.Pattern$BmpCharProperty.match(Ljava/util/regex/Matcher;ILjava/lang/CharSequence;)Z @ 31

Classes redefined (0 events):
No events

Internal exceptions (10 events):
Event: 1.709 Thread 0x000000000488e800 Exception <a 'java/security/PrivilegedActionException'> (0x00000000da0a5978) thrown at [C:\re\workspace\8-2-build-windows-amd64-cygwin\jdk8u162\10278\hotspot\src\share\vm\prims\jvm.cpp, line 1390]
Event: 1.710 Thread 0x000000000488e800 Exception <a 'java/security/PrivilegedActionException'> (0x00000000da0ac0a8) thrown at [C:\re\workspace\8-2-build-windows-amd64-cygwin\jdk8u162\10278\hotspot\src\share\vm\prims\jvm.cpp, line 1390]
Event: 1.710 Thread 0x000000000488e800 Exception <a 'java/security/PrivilegedActionException'> (0x00000000da0ac688) thrown at [C:\re\workspace\8-2-build-windows-amd64-cygwin\jdk8u162\10278\hotspot\src\share\vm\prims\jvm.cpp, line 1390]
Event: 1.711 Thread 0x000000000488e800 Exception <a 'java/security/PrivilegedActionException'> (0x00000000da0b3198) thrown at [C:\re\workspace\8-2-build-windows-amd64-cygwin\jdk8u162\10278\hotspot\src\share\vm\prims\jvm.cpp, line 1390]
Event: 1.711 Thread 0x000000000488e800 Exception <a 'java/security/PrivilegedActionException'> (0x00000000da0b3778) thrown at [C:\re\workspace\8-2-build-windows-amd64-cygwin\jdk8u162\10278\hotspot\src\share\vm\prims\jvm.cpp, line 1390]
Event: 1.711 Thread 0x000000000488e800 Exception <a 'java/security/PrivilegedActionException'> (0x00000000da0ba230) thrown at [C:\re\workspace\8-2-build-windows-amd64-cygwin\jdk8u162\10278\hotspot\src\share\vm\prims\jvm.cpp, line 1390]
Event: 1.711 Thread 0x000000000488e800 Exception <a 'java/security/PrivilegedActionException'> (0x00000000da0ba810) thrown at [C:\re\workspace\8-2-build-windows-amd64-cygwin\jdk8u162\10278\hotspot\src\share\vm\prims\jvm.cpp, line 1390]
Event: 2.283 Thread 0x000000000488e800 Exception <a 'java/lang/NullPointerException'> (0x00000000d8ced638) thrown at [C:\re\workspace\8-2-build-windows-amd64-cygwin\jdk8u162\10278\hotspot\src\share\vm\runtime\reflection.cpp, line 922]
Event: 2.315 Thread 0x000000000488e800 Exception <a 'java/lang/AbstractMethodError': com.mysql.jdbc.JDBC4Connection.getSchema()Ljava/lang/String;> (0x00000000d8d51188) thrown at [C:\re\workspace\8-2-build-windows-amd64-cygwin\jdk8u162\10278\hotspot\src\share\vm\interpreter\linkResolver.cpp, li
Event: 2.315 Thread 0x000000000488e800 Exception <a 'java/lang/reflect/InvocationTargetException'> (0x00000000d8d51578) thrown at [C:\re\workspace\8-2-build-windows-amd64-cygwin\jdk8u162\10278\hotspot\src\share\vm\runtime\reflection.cpp, line 954]

Events (10 events):
Event: 2.345 loading class org/hibernate/engine/jdbc/AbstractLobCreator
Event: 2.346 loading class org/hibernate/engine/jdbc/AbstractLobCreator done
Event: 2.346 loading class org/hibernate/engine/jdbc/ContextualLobCreator
Event: 2.346 loading class org/hibernate/engine/jdbc/ContextualLobCreator done
Event: 2.347 loading class org/hibernate/engine/jdbc/NonContextualLobCreator
Event: 2.347 loading class org/hibernate/engine/jdbc/NonContextualLobCreator done
Event: 2.348 loading class org/hibernate/internal/CoreMessageLogger_$logger_zh_CN
Event: 2.348 loading class org/hibernate/internal/CoreMessageLogger_$logger_zh_CN done
Event: 2.348 loading class org/hibernate/internal/CoreMessageLogger_$logger_zh
Event: 2.348 loading class org/hibernate/internal/CoreMessageLogger_$logger_zh done


Dynamic libraries:
0x00007ff6d0f90000 - 0x00007ff6d0fc7000 	D:\java\jdk\64jdk1.8\bin\java.exe
0x00007ff99beb0000 - 0x00007ff99c090000 	C:\Windows\SYSTEM32\ntdll.dll
0x00007ff99b7c0000 - 0x00007ff99b86e000 	C:\Windows\System32\KERNEL32.DLL
0x00007ff9986a0000 - 0x00007ff998906000 	C:\Windows\System32\KERNELBASE.dll
0x00007ff999640000 - 0x00007ff9996e1000 	C:\Windows\System32\ADVAPI32.dll
0x00007ff999b40000 - 0x00007ff999bdd000 	C:\Windows\System32\msvcrt.dll
0x00007ff99b9a0000 - 0x00007ff99b9fb000 	C:\Windows\System32\sechost.dll
0x00007ff9994f0000 - 0x00007ff99960f000 	C:\Windows\System32\RPCRT4.dll
0x00007ff99bb20000 - 0x00007ff99bcaf000 	C:\Windows\System32\USER32.dll
0x00007ff998680000 - 0x00007ff9986a0000 	C:\Windows\System32\win32u.dll
0x00007ff99bd40000 - 0x00007ff99bd68000 	C:\Windows\System32\GDI32.dll
0x00007ff998390000 - 0x00007ff998523000 	C:\Windows\System32\gdi32full.dll
0x00007ff998530000 - 0x00007ff9985cb000 	C:\Windows\System32\msvcp_win.dll
0x00007ff998960000 - 0x00007ff998a56000 	C:\Windows\System32\ucrtbase.dll
0x00007ff98a050000 - 0x00007ff98a2b9000 	C:\Windows\WinSxS\amd64_microsoft.windows.common-controls_6595b64144ccf1df_6.0.16299.125_none_15cbcf8893620c09\COMCTL32.dll
0x00007ff99b2b0000 - 0x00007ff99b5b8000 	C:\Windows\System32\combase.dll
0x00007ff998310000 - 0x00007ff998382000 	C:\Windows\System32\bcryptPrimitives.dll
0x00007ff99b870000 - 0x00007ff99b89d000 	C:\Windows\System32\IMM32.DLL
0x0000000058db0000 - 0x0000000058e81000 	D:\java\jdk\64jdk1.8\jre\bin\msvcr100.dll
0x0000000058510000 - 0x0000000058db0000 	D:\java\jdk\64jdk1.8\jre\bin\server\jvm.dll
0x00007ff999610000 - 0x00007ff999618000 	C:\Windows\System32\PSAPI.DLL
0x00007ff98c670000 - 0x00007ff98c679000 	C:\Windows\SYSTEM32\WSOCK32.dll
0x00007ff99bab0000 - 0x00007ff99bb1c000 	C:\Windows\System32\WS2_32.dll
0x00007ff996600000 - 0x00007ff996623000 	C:\Windows\SYSTEM32\WINMM.dll
0x00007ff98e630000 - 0x00007ff98e63a000 	C:\Windows\SYSTEM32\VERSION.dll
0x00007ff996490000 - 0x00007ff9964ba000 	C:\Windows\SYSTEM32\WINMMBASE.dll
0x00007ff998910000 - 0x00007ff99895a000 	C:\Windows\System32\cfgmgr32.dll
0x00000000590d0000 - 0x00000000590df000 	D:\java\jdk\64jdk1.8\jre\bin\verify.dll
0x00000000590a0000 - 0x00000000590c9000 	D:\java\jdk\64jdk1.8\jre\bin\java.dll
0x00000000570d0000 - 0x00000000570f3000 	D:\java\jdk\64jdk1.8\jre\bin\instrument.dll
0x0000000059080000 - 0x0000000059096000 	D:\java\jdk\64jdk1.8\jre\bin\zip.dll
0x00007ff999be0000 - 0x00007ff99b016000 	C:\Windows\System32\SHELL32.dll
0x00007ff99ba00000 - 0x00007ff99baa6000 	C:\Windows\System32\shcore.dll
0x00007ff998c30000 - 0x00007ff999377000 	C:\Windows\System32\windows.storage.dll
0x00007ff99b8a0000 - 0x00007ff99b8f1000 	C:\Windows\System32\shlwapi.dll
0x00007ff998270000 - 0x00007ff998281000 	C:\Windows\System32\kernel.appcore.dll
0x00007ff998200000 - 0x00007ff99824c000 	C:\Windows\System32\powrprof.dll
0x00007ff998290000 - 0x00007ff9982ab000 	C:\Windows\System32\profapi.dll
0x00007ff992df0000 - 0x00007ff992e0a000 	D:\java\IDEA\IntelliJ IDEA 2017.2.2\bin\breakgen64.dll
0x0000000059060000 - 0x000000005907a000 	D:\java\jdk\64jdk1.8\jre\bin\net.dll
0x00007ff997a30000 - 0x00007ff997a96000 	C:\Windows\system32\mswsock.dll
0x00007ff98eee0000 - 0x00007ff98eff4000 	C:\Windows\SysWOW64\ierd_tgp_lsp64.dll
0x00007ff99b160000 - 0x00007ff99b2a9000 	C:\Windows\System32\ole32.dll
0x00007ff992e80000 - 0x00007ff992e8a000 	C:\Windows\system32\wshqos.dll
0x00007ff992310000 - 0x00007ff992318000 	C:\Windows\SYSTEM32\wshtcpip.DLL
0x00007ff992300000 - 0x00007ff992308000 	C:\Windows\SYSTEM32\wship6.dll
0x00007ff997800000 - 0x00007ff9978b6000 	C:\Windows\SYSTEM32\DNSAPI.dll
0x00007ff99b0f0000 - 0x00007ff99b0f8000 	C:\Windows\System32\NSI.dll
0x00007ff9977c0000 - 0x00007ff9977f9000 	C:\Windows\SYSTEM32\IPHLPAPI.DLL
0x00007ff991b20000 - 0x00007ff991b2a000 	C:\Windows\System32\rasadhlp.dll
0x00007ff992930000 - 0x00007ff9929a0000 	C:\Windows\System32\fwpuclnt.dll
0x00007ff997d00000 - 0x00007ff997d25000 	C:\Windows\SYSTEM32\bcrypt.dll

VM Arguments:
jvm_args: -ea -Didea.test.cyclic.buffer.size=1048576 -javaagent:D:\java\IDEA\IntelliJ IDEA 2017.2.2\lib\idea_rt.jar=3313:D:\java\IDEA\IntelliJ IDEA 2017.2.2\bin -Dfile.encoding=UTF-8 
java_command: com.intellij.rt.execution.junit.JUnitStarter -ideVersion5 -junit4 com.cookie312.test.DemoTest,test
java_class_path (initial): D:\java\IDEA\IntelliJ IDEA 2017.2.2\lib\idea_rt.jar;D:\java\IDEA\IntelliJ IDEA 2017.2.2\plugins\junit\lib\junit-rt.jar;D:\java\IDEA\IntelliJ IDEA 2017.2.2\plugins\junit\lib\junit5-rt.jar;D:\java\jdk\64jdk1.8\jre\lib\charsets.jar;D:\java\jdk\64jdk1.8\jre\lib\deploy.jar;D:\java\jdk\64jdk1.8\jre\lib\ext\access-bridge-64.jar;D:\java\jdk\64jdk1.8\jre\lib\ext\cldrdata.jar;D:\java\jdk\64jdk1.8\jre\lib\ext\dnsns.jar;D:\java\jdk\64jdk1.8\jre\lib\ext\jaccess.jar;D:\java\jdk\64jdk1.8\jre\lib\ext\jfxrt.jar;D:\java\jdk\64jdk1.8\jre\lib\ext\localedata.jar;D:\java\jdk\64jdk1.8\jre\lib\ext\nashorn.jar;D:\java\jdk\64jdk1.8\jre\lib\ext\sunec.jar;D:\java\jdk\64jdk1.8\jre\lib\ext\sunjce_provider.jar;D:\java\jdk\64jdk1.8\jre\lib\ext\sunmscapi.jar;D:\java\jdk\64jdk1.8\jre\lib\ext\sunpkcs11.jar;D:\java\jdk\64jdk1.8\jre\lib\ext\zipfs.jar;D:\java\jdk\64jdk1.8\jre\lib\javaws.jar;D:\java\jdk\64jdk1.8\jre\lib\jce.jar;D:\java\jdk\64jdk1.8\jre\lib\jfr.jar;D:\java\jdk\64jdk1.8\jre\lib\jfxswt.jar;D:\java\jdk\64jdk1.8\jre\lib\jsse.jar;D:\java\jdk\64jdk1.8\jre\lib\management-agent.jar;D:\java\jdk\64jdk1.8\jre\lib\plugin.jar;D:\java\jdk\64jdk1.8\jre\lib\resources.jar;D:\java\jdk\64jdk1.8\jre\lib\rt.jar;D:\java\IDEA\JPA\target\classes;D:\java\maven\MavenRepository\mysql\mysql-connector-java\5.1.6\mysql-connector-java-5.1.6.jar;D:\java\maven\MavenRepository\org\hibernate\hibernate-entitymanager\5.0.7.Final\hibernate-entitymanager-5.0.7.Final.jar;D:\java\maven\MavenRepository\org\jboss\logging\jboss-logging\3.3.0.Final\jboss-logging-3.3.0.Final.jar;D:\java\maven\MavenRepository\org\hibernate\hibernate-core\5.0.7.Final\hibernate-core-5.0.7.Final.jar;D:\java\maven\MavenRepository\antlr\antlr\2.7.7\antlr-2.7.7.jar;D:\java\maven\MavenRepository\org\jboss\jandex\2.0.0.Final\jandex-2.0.0.Final.jar;D:\java\maven\MavenRepository\dom4j\dom4j\1.6.1\dom4j-1.6.1.jar;D:\java\maven\MavenRepository\xml-apis\xml-apis\1.0.b2\xml-apis-1.0.b2.jar;D:\java\maven\MavenRepository\org\hibernate\com
Launcher Type: SUN_STANDARD

Environment Variables:
JAVA_HOME=D:\java\jdk\64jdk1.8
CLASSPATH=.;D:\java\jdk\64jdk1.8\lib\dt.jar;D:\java\jdk\64jdk1.8\lib\tools.jar;
PATH=D:\java\jdk\64jdk1.8\bin;D:\java\maven\apache-maven-3.5.3\bin;C£º\windows\system32;;:\ProgramData\Oracle\Java\javapath;D:\java\jdk\64jdk1.8\jre\bin;C:\Program Files (x86)\ATI Technologies\ATI.ACE\Core-Static;D:\MySQL\bin;c:\windows\system32;D:\Program Files\VisualSVN Server\bin;D:\Program Files\TortoiseSVN\bin;D:\Program Files\Git\cmd
USERNAME=fly
OS=Windows_NT
PROCESSOR_IDENTIFIER=AMD64 Family 21 Model 19 Stepping 1, AuthenticAMD



---------------  S Y S T E M  ---------------

OS: Windows 10.0 , 64 bit Build 16299 (10.0.16299.15)

CPU:total 4 (initial active 4) (4 cores per cpu, 1 threads per core) family 21 model 19 stepping 1, cmov, cx8, fxsr, mmx, sse, sse2, sse3, ssse3, sse4.1, sse4.2, popcnt, avx, aes, clmul, mmxext, 3dnowpref, lzcnt, sse4a, tsc, tscinvbit, tscinv, bmi1

Memory: 4k page, physical 7812464k(2074708k free), swap 7812464k(4108k free)

vm_info: Java HotSpot(TM) 64-Bit Server VM (25.162-b12) for windows-amd64 JRE (1.8.0_162-b12), built on Dec 19 2017 20:00:03 by "java_re" with MS VC++ 10.0 (VS2010)

time: Wed Jul 25 21:28:32 2018
elapsed time: 2 seconds (0d 0h 0m 2s)

